[1.673s] DEBUG:colcon:Command line arguments: ['/usr/bin/colcon', 'build']
[1.674s] DEBUG:colcon:Parsed command line arguments: Namespace(log_base=None, log_level=None, verb_name='build', build_base='build', install_base='install', merge_install=False, symlink_install=False, test_result_base=None, continue_on_error=False, executor='parallel', parallel_workers=8, event_handlers=None, ignore_user_meta=False, metas=['./colcon.meta'], base_paths=['.'], packages_ignore=None, packages_ignore_regex=None, paths=None, packages_up_to=None, packages_up_to_regex=None, packages_above=None, packages_above_and_dependencies=None, packages_above_depth=None, packages_select_by_dep=None, packages_skip_by_dep=None, packages_skip_up_to=None, packages_select_build_failed=False, packages_skip_build_finished=False, packages_select_test_failures=False, packages_skip_test_passed=False, packages_select=None, packages_skip=None, packages_select_regex=None, packages_skip_regex=None, packages_start=None, packages_end=None, cmake_args=None, cmake_target=None, cmake_target_skip_unavailable=False, cmake_clean_cache=False, cmake_clean_first=False, cmake_force_configure=False, ament_cmake_args=None, catkin_cmake_args=None, catkin_skip_building_tests=False, mixin_files=None, mixin=None, verb_parser=<colcon_mixin.mixin.mixin_argument.MixinArgumentDecorator object at 0x7f1879bee590>, verb_extension=<colcon_core.verb.build.BuildVerb object at 0x7f1879bee050>, main=<bound method BuildVerb.main of <colcon_core.verb.build.BuildVerb object at 0x7f1879bee050>>, mixin_verb=('build',))
[2.844s] Level 1:colcon.colcon_core.package_discovery:discover_packages(colcon_meta) check parameters
[2.847s] INFO:colcon.colcon_metadata.package_discovery.colcon_meta:Using configuration from '/root/.colcon/metadata/default/Gazebo.meta'
[2.849s] INFO:colcon.colcon_metadata.package_discovery.colcon_meta:Using configuration from '/root/.colcon/metadata/default/fastrtps.meta'
[2.850s] Level 1:colcon.colcon_core.package_discovery:discover_packages(recursive) check parameters
[2.850s] Level 1:colcon.colcon_core.package_discovery:discover_packages(ignore) check parameters
[2.851s] Level 1:colcon.colcon_core.package_discovery:discover_packages(path) check parameters
[2.851s] Level 1:colcon.colcon_core.package_discovery:discover_packages(colcon_meta) discover
[2.852s] Level 1:colcon.colcon_core.package_discovery:discover_packages(recursive) discover
[2.852s] INFO:colcon.colcon_core.package_discovery:Crawling recursively for packages in '/workspace'
[2.856s] Level 1:colcon.colcon_core.package_identification:_identify(.) by extensions ['ignore', 'ignore_ament_install']
[2.856s] Level 1:colcon.colcon_core.package_identification:_identify(.) by extension 'ignore'
[2.857s] Level 1:colcon.colcon_core.package_identification:_identify(.) by extension 'ignore_ament_install'
[2.859s] Level 1:colcon.colcon_core.package_identification:_identify(.) by extensions ['colcon_pkg']
[2.859s] Level 1:colcon.colcon_core.package_identification:_identify(.) by extension 'colcon_pkg'
[2.860s] Level 1:colcon.colcon_core.package_identification:_identify(.) by extensions ['colcon_meta']
[2.861s] Level 1:colcon.colcon_core.package_identification:_identify(.) by extension 'colcon_meta'
[2.861s] Level 1:colcon.colcon_core.package_identification:_identify(.) by extensions ['ros']
[2.861s] Level 1:colcon.colcon_core.package_identification:_identify(.) by extension 'ros'
[2.902s] Level 1:colcon.colcon_core.package_identification:_identify(.) by extensions ['cmake', 'python']
[2.902s] Level 1:colcon.colcon_core.package_identification:_identify(.) by extension 'cmake'
[2.903s] Level 1:colcon.colcon_core.package_identification:_identify(.) by extension 'python'
[2.903s] Level 1:colcon.colcon_core.package_identification:_identify(.) by extensions ['python_setup_py']
[2.903s] Level 1:colcon.colcon_core.package_identification:_identify(.) by extension 'python_setup_py'
[2.908s] Level 1:colcon.colcon_core.package_identification:_identify(Practice02) by extensions ['ignore', 'ignore_ament_install']
[2.909s] Level 1:colcon.colcon_core.package_identification:_identify(Practice02) by extension 'ignore'
[2.911s] Level 1:colcon.colcon_core.package_identification:_identify(Practice02) by extension 'ignore_ament_install'
[2.913s] Level 1:colcon.colcon_core.package_identification:_identify(Practice02) by extensions ['colcon_pkg']
[2.914s] Level 1:colcon.colcon_core.package_identification:_identify(Practice02) by extension 'colcon_pkg'
[2.915s] Level 1:colcon.colcon_core.package_identification:_identify(Practice02) by extensions ['colcon_meta']
[2.916s] Level 1:colcon.colcon_core.package_identification:_identify(Practice02) by extension 'colcon_meta'
[2.917s] Level 1:colcon.colcon_core.package_identification:_identify(Practice02) by extensions ['ros']
[2.918s] Level 1:colcon.colcon_core.package_identification:_identify(Practice02) by extension 'ros'
[2.923s] Level 1:colcon.colcon_core.package_identification:_identify(Practice02) by extensions ['cmake', 'python']
[2.924s] Level 1:colcon.colcon_core.package_identification:_identify(Practice02) by extension 'cmake'
[2.925s] Level 1:colcon.colcon_core.package_identification:_identify(Practice02) by extension 'python'
[2.927s] Level 1:colcon.colcon_core.package_identification:_identify(Practice02) by extensions ['python_setup_py']
[2.927s] Level 1:colcon.colcon_core.package_identification:_identify(Practice02) by extension 'python_setup_py'
[2.938s] Level 1:colcon.colcon_core.package_identification:_identify(Practice02/src) by extensions ['ignore', 'ignore_ament_install']
[2.939s] Level 1:colcon.colcon_core.package_identification:_identify(Practice02/src) by extension 'ignore'
[2.944s] Level 1:colcon.colcon_core.package_identification:_identify(Practice02/src) by extension 'ignore_ament_install'
[2.950s] Level 1:colcon.colcon_core.package_identification:_identify(Practice02/src) by extensions ['colcon_pkg']
[2.950s] Level 1:colcon.colcon_core.package_identification:_identify(Practice02/src) by extension 'colcon_pkg'
[2.953s] Level 1:colcon.colcon_core.package_identification:_identify(Practice02/src) by extensions ['colcon_meta']
[2.953s] Level 1:colcon.colcon_core.package_identification:_identify(Practice02/src) by extension 'colcon_meta'
[2.956s] Level 1:colcon.colcon_core.package_identification:_identify(Practice02/src) by extensions ['ros']
[2.956s] Level 1:colcon.colcon_core.package_identification:_identify(Practice02/src) by extension 'ros'
[2.966s] Level 1:colcon.colcon_core.package_identification:_identify(Practice02/src) by extensions ['cmake', 'python']
[2.967s] Level 1:colcon.colcon_core.package_identification:_identify(Practice02/src) by extension 'cmake'
[2.969s] Level 1:colcon.colcon_core.package_identification:_identify(Practice02/src) by extension 'python'
[2.971s] Level 1:colcon.colcon_core.package_identification:_identify(Practice02/src) by extensions ['python_setup_py']
[2.972s] Level 1:colcon.colcon_core.package_identification:_identify(Practice02/src) by extension 'python_setup_py'
[2.986s] Level 1:colcon.colcon_core.package_identification:_identify(Practice02/src/task01) by extensions ['ignore', 'ignore_ament_install']
[2.987s] Level 1:colcon.colcon_core.package_identification:_identify(Practice02/src/task01) by extension 'ignore'
[2.992s] Level 1:colcon.colcon_core.package_identification:_identify(Practice02/src/task01) by extension 'ignore_ament_install'
[3.001s] Level 1:colcon.colcon_core.package_identification:_identify(Practice02/src/task01) by extensions ['colcon_pkg']
[3.002s] Level 1:colcon.colcon_core.package_identification:_identify(Practice02/src/task01) by extension 'colcon_pkg'
[3.005s] Level 1:colcon.colcon_core.package_identification:_identify(Practice02/src/task01) by extensions ['colcon_meta']
[3.006s] Level 1:colcon.colcon_core.package_identification:_identify(Practice02/src/task01) by extension 'colcon_meta'
[3.013s] Level 1:colcon.colcon_core.package_identification:_identify(Practice02/src/task01) by extensions ['ros']
[3.013s] Level 1:colcon.colcon_core.package_identification:_identify(Practice02/src/task01) by extension 'ros'
[3.048s] DEBUG:colcon.colcon_core.package_identification:Package 'Practice02/src/task01' with type 'ros.ament_python' and name 'task01'
[3.064s] Level 1:colcon.colcon_core.package_identification:_identify(Practice02/src/task02) by extensions ['ignore', 'ignore_ament_install']
[3.065s] Level 1:colcon.colcon_core.package_identification:_identify(Practice02/src/task02) by extension 'ignore'
[3.068s] Level 1:colcon.colcon_core.package_identification:_identify(Practice02/src/task02) by extension 'ignore_ament_install'
[3.073s] Level 1:colcon.colcon_core.package_identification:_identify(Practice02/src/task02) by extensions ['colcon_pkg']
[3.074s] Level 1:colcon.colcon_core.package_identification:_identify(Practice02/src/task02) by extension 'colcon_pkg'
[3.077s] Level 1:colcon.colcon_core.package_identification:_identify(Practice02/src/task02) by extensions ['colcon_meta']
[3.078s] Level 1:colcon.colcon_core.package_identification:_identify(Practice02/src/task02) by extension 'colcon_meta'
[3.084s] Level 1:colcon.colcon_core.package_identification:_identify(Practice02/src/task02) by extensions ['ros']
[3.084s] Level 1:colcon.colcon_core.package_identification:_identify(Practice02/src/task02) by extension 'ros'
[3.106s] Level 1:colcon.colcon_core.package_identification:_identify(Practice02/src/task02) by extensions ['cmake', 'python']
[3.107s] Level 1:colcon.colcon_core.package_identification:_identify(Practice02/src/task02) by extension 'cmake'
[3.113s] Level 1:colcon.colcon_core.package_identification:_identify(Practice02/src/task02) by extension 'python'
[3.117s] Level 1:colcon.colcon_core.package_identification:_identify(Practice02/src/task02) by extensions ['python_setup_py']
[3.118s] Level 1:colcon.colcon_core.package_identification:_identify(Practice02/src/task02) by extension 'python_setup_py'
[3.134s] Level 1:colcon.colcon_core.package_identification:_identify(Practice02/src/task03) by extensions ['ignore', 'ignore_ament_install']
[3.135s] Level 1:colcon.colcon_core.package_identification:_identify(Practice02/src/task03) by extension 'ignore'
[3.140s] Level 1:colcon.colcon_core.package_identification:_identify(Practice02/src/task03) by extension 'ignore_ament_install'
[3.150s] Level 1:colcon.colcon_core.package_identification:_identify(Practice02/src/task03) by extensions ['colcon_pkg']
[3.151s] Level 1:colcon.colcon_core.package_identification:_identify(Practice02/src/task03) by extension 'colcon_pkg'
[3.157s] Level 1:colcon.colcon_core.package_identification:_identify(Practice02/src/task03) by extensions ['colcon_meta']
[3.157s] Level 1:colcon.colcon_core.package_identification:_identify(Practice02/src/task03) by extension 'colcon_meta'
[3.166s] Level 1:colcon.colcon_core.package_identification:_identify(Practice02/src/task03) by extensions ['ros']
[3.167s] Level 1:colcon.colcon_core.package_identification:_identify(Practice02/src/task03) by extension 'ros'
[3.183s] Level 1:colcon.colcon_core.package_identification:_identify(Practice02/src/task03) by extensions ['cmake', 'python']
[3.184s] Level 1:colcon.colcon_core.package_identification:_identify(Practice02/src/task03) by extension 'cmake'
[3.188s] Level 1:colcon.colcon_core.package_identification:_identify(Practice02/src/task03) by extension 'python'
[3.194s] Level 1:colcon.colcon_core.package_identification:_identify(Practice02/src/task03) by extensions ['python_setup_py']
[3.195s] Level 1:colcon.colcon_core.package_identification:_identify(Practice02/src/task03) by extension 'python_setup_py'
[3.219s] Level 1:colcon.colcon_core.package_identification:_identify(Practice02/src/task04) by extensions ['ignore', 'ignore_ament_install']
[3.220s] Level 1:colcon.colcon_core.package_identification:_identify(Practice02/src/task04) by extension 'ignore'
[3.223s] Level 1:colcon.colcon_core.package_identification:_identify(Practice02/src/task04) by extension 'ignore_ament_install'
[3.227s] Level 1:colcon.colcon_core.package_identification:_identify(Practice02/src/task04) by extensions ['colcon_pkg']
[3.227s] Level 1:colcon.colcon_core.package_identification:_identify(Practice02/src/task04) by extension 'colcon_pkg'
[3.230s] Level 1:colcon.colcon_core.package_identification:_identify(Practice02/src/task04) by extensions ['colcon_meta']
[3.230s] Level 1:colcon.colcon_core.package_identification:_identify(Practice02/src/task04) by extension 'colcon_meta'
[3.238s] Level 1:colcon.colcon_core.package_identification:_identify(Practice02/src/task04) by extensions ['ros']
[3.239s] Level 1:colcon.colcon_core.package_identification:_identify(Practice02/src/task04) by extension 'ros'
[3.266s] Level 1:colcon.colcon_core.package_identification:_identify(Practice02/src/task04) by extensions ['cmake', 'python']
[3.266s] Level 1:colcon.colcon_core.package_identification:_identify(Practice02/src/task04) by extension 'cmake'
[3.272s] Level 1:colcon.colcon_core.package_identification:_identify(Practice02/src/task04) by extension 'python'
[3.277s] Level 1:colcon.colcon_core.package_identification:_identify(Practice02/src/task04) by extensions ['python_setup_py']
[3.278s] Level 1:colcon.colcon_core.package_identification:_identify(Practice02/src/task04) by extension 'python_setup_py'
[3.294s] Level 1:colcon.colcon_core.package_identification:_identify(build) by extensions ['ignore', 'ignore_ament_install']
[3.295s] Level 1:colcon.colcon_core.package_identification:_identify(build) by extension 'ignore'
[3.301s] Level 1:colcon.colcon_core.package_identification:_identify(build) ignored
[3.312s] Level 1:colcon.colcon_core.package_identification:_identify(install) by extensions ['ignore', 'ignore_ament_install']
[3.313s] Level 1:colcon.colcon_core.package_identification:_identify(install) by extension 'ignore'
[3.318s] Level 1:colcon.colcon_core.package_identification:_identify(install) ignored
[3.333s] Level 1:colcon.colcon_core.package_identification:_identify(log) by extensions ['ignore', 'ignore_ament_install']
[3.334s] Level 1:colcon.colcon_core.package_identification:_identify(log) by extension 'ignore'
[3.336s] Level 1:colcon.colcon_core.package_identification:_identify(log) ignored
[3.337s] Level 1:colcon.colcon_core.package_discovery:discover_packages(recursive) using defaults
[3.337s] Level 1:colcon.colcon_core.package_discovery:discover_packages(ignore) discover
[3.338s] Level 1:colcon.colcon_core.package_discovery:discover_packages(ignore) using defaults
[3.338s] Level 1:colcon.colcon_core.package_discovery:discover_packages(path) discover
[3.340s] Level 1:colcon.colcon_core.package_discovery:discover_packages(path) using defaults
[3.697s] Level 5:colcon.colcon_core.verb:set package 'task01' build argument 'cmake_args' from command line to 'None'
[3.698s] Level 5:colcon.colcon_core.verb:set package 'task01' build argument 'cmake_target' from command line to 'None'
[3.699s] Level 5:colcon.colcon_core.verb:set package 'task01' build argument 'cmake_target_skip_unavailable' from command line to 'False'
[3.700s] Level 5:colcon.colcon_core.verb:set package 'task01' build argument 'cmake_clean_cache' from command line to 'False'
[3.701s] Level 5:colcon.colcon_core.verb:set package 'task01' build argument 'cmake_clean_first' from command line to 'False'
[3.701s] Level 5:colcon.colcon_core.verb:set package 'task01' build argument 'cmake_force_configure' from command line to 'False'
[3.702s] Level 5:colcon.colcon_core.verb:set package 'task01' build argument 'ament_cmake_args' from command line to 'None'
[3.703s] Level 5:colcon.colcon_core.verb:set package 'task01' build argument 'catkin_cmake_args' from command line to 'None'
[3.704s] Level 5:colcon.colcon_core.verb:set package 'task01' build argument 'catkin_skip_building_tests' from command line to 'False'
[3.705s] DEBUG:colcon.colcon_core.verb:Building package 'task01' with the following arguments: {'ament_cmake_args': None, 'build_base': '/workspace/build/task01', 'catkin_cmake_args': None, 'catkin_skip_building_tests': False, 'cmake_args': None, 'cmake_clean_cache': False, 'cmake_clean_first': False, 'cmake_force_configure': False, 'cmake_target': None, 'cmake_target_skip_unavailable': False, 'install_base': '/workspace/install/task01', 'merge_install': False, 'path': '/workspace/Practice02/src/task01', 'symlink_install': False, 'test_result_base': None}
[3.706s] INFO:colcon.colcon_core.executor:Executing jobs using 'parallel' executor
[3.709s] DEBUG:colcon.colcon_parallel_executor.executor.parallel:run_until_complete
[3.710s] INFO:colcon.colcon_ros.task.ament_python.build:Building ROS package in '/workspace/Practice02/src/task01' with build type 'ament_python'
[3.711s] Level 1:colcon.colcon_core.shell:create_environment_hook('task01', 'ament_prefix_path')
[3.770s] INFO:colcon.colcon_core.plugin_system:Skipping extension 'colcon_core.shell.bat': Not used on non-Windows systems
[3.771s] INFO:colcon.colcon_core.shell:Creating environment hook '/workspace/install/task01/share/task01/hook/ament_prefix_path.ps1'
[3.825s] INFO:colcon.colcon_core.shell:Creating environment descriptor '/workspace/install/task01/share/task01/hook/ament_prefix_path.dsv'
[3.878s] INFO:colcon.colcon_core.shell:Creating environment hook '/workspace/install/task01/share/task01/hook/ament_prefix_path.sh'
[3.935s] INFO:colcon.colcon_core.shell:Skip shell extension 'powershell' for command environment: Not usable outside of PowerShell
[3.936s] DEBUG:colcon.colcon_core.shell:Skip shell extension 'dsv' for command environment
[6.237s] INFO:colcon.colcon_core.task.python.build:Building Python package in '/workspace/Practice02/src/task01'
[6.239s] INFO:colcon.colcon_core.shell:Skip shell extension 'powershell' for command environment: Not usable outside of PowerShell
[6.240s] DEBUG:colcon.colcon_core.shell:Skip shell extension 'dsv' for command environment
[10.278s] DEBUG:colcon.colcon_core.event_handler.log_command:Invoking command in '/workspace/Practice02/src/task01': PYTHONPATH=/workspace/build/task01/prefix_override:/usr/lib/python3/dist-packages/colcon_core/task/python/colcon_distutils_commands:/workspace/install/task01/lib/python3.10/site-packages:${PYTHONPATH} /usr/bin/python3 -W ignore:setup.py install is deprecated setup.py egg_info --egg-base ../../../build/task01 build --build-base /workspace/build/task01/build install --record /workspace/build/task01/install.log --single-version-externally-managed install_data
[14.987s] DEBUG:colcon.colcon_core.event_handler.log_command:Invoked command in '/workspace/Practice02/src/task01' returned '0': PYTHONPATH=/workspace/build/task01/prefix_override:/usr/lib/python3/dist-packages/colcon_core/task/python/colcon_distutils_commands:/workspace/install/task01/lib/python3.10/site-packages:${PYTHONPATH} /usr/bin/python3 -W ignore:setup.py install is deprecated setup.py egg_info --egg-base ../../../build/task01 build --build-base /workspace/build/task01/build install --record /workspace/build/task01/install.log --single-version-externally-managed install_data
[15.048s] Level 1:colcon.colcon_core.environment:checking '/workspace/install/task01' for CMake module files
[15.165s] Level 1:colcon.colcon_core.environment:checking '/workspace/install/task01' for CMake config files
[15.355s] Level 1:colcon.colcon_core.environment:checking '/workspace/install/task01/lib'
[15.364s] Level 1:colcon.colcon_core.environment:checking '/workspace/install/task01/bin'
[15.367s] Level 1:colcon.colcon_core.environment:checking '/workspace/install/task01/lib/pkgconfig/task01.pc'
[15.370s] Level 1:colcon.colcon_core.environment:checking '/workspace/install/task01/lib/python3.10/site-packages'
[15.376s] Level 1:colcon.colcon_core.shell:create_environment_hook('task01', 'pythonpath')
[15.377s] INFO:colcon.colcon_core.shell:Creating environment hook '/workspace/install/task01/share/task01/hook/pythonpath.ps1'
[15.412s] INFO:colcon.colcon_core.shell:Creating environment descriptor '/workspace/install/task01/share/task01/hook/pythonpath.dsv'
[15.443s] INFO:colcon.colcon_core.shell:Creating environment hook '/workspace/install/task01/share/task01/hook/pythonpath.sh'
[15.476s] Level 1:colcon.colcon_core.environment:checking '/workspace/install/task01/bin'
[15.478s] Level 1:colcon.colcon_core.environment:create_environment_scripts_only(task01)
[15.479s] INFO:colcon.colcon_core.shell:Creating package script '/workspace/install/task01/share/task01/package.ps1'
[15.512s] INFO:colcon.colcon_core.shell:Creating package descriptor '/workspace/install/task01/share/task01/package.dsv'
[15.538s] INFO:colcon.colcon_core.shell:Creating package script '/workspace/install/task01/share/task01/package.sh'
[15.563s] INFO:colcon.colcon_core.shell:Creating package script '/workspace/install/task01/share/task01/package.bash'
[15.597s] INFO:colcon.colcon_core.shell:Creating package script '/workspace/install/task01/share/task01/package.zsh'
[15.625s] Level 1:colcon.colcon_core.environment:create_file_with_runtime_dependencies(/workspace/install/task01/share/colcon-core/packages/task01)
[15.651s] DEBUG:colcon.colcon_parallel_executor.executor.parallel:closing loop
[15.652s] DEBUG:colcon.colcon_parallel_executor.executor.parallel:loop closed
[15.653s] DEBUG:colcon.colcon_parallel_executor.executor.parallel:run_until_complete finished with '0'
[15.654s] DEBUG:colcon.colcon_core.event_reactor:joining thread
[15.758s] INFO:colcon.colcon_core.plugin_system:Skipping extension 'colcon_notification.desktop_notification.notify_send': Could not find 'notify-send'
[15.760s] INFO:colcon.colcon_core.plugin_system:Skipping extension 'colcon_notification.desktop_notification.terminal_notifier': Not used on non-Darwin systems
[15.760s] INFO:colcon.colcon_core.plugin_system:Skipping extension 'colcon_notification.desktop_notification.win32': Not used on non-Windows systems
[15.761s] INFO:colcon.colcon_notification.desktop_notification:Sending desktop notification using 'notify2'
[15.762s] DEBUG:colcon.colcon_notification.desktop_notification.notify2:Failed to initialize notify2: org.freedesktop.DBus.Error.NotSupported: Unable to autolaunch a dbus-daemon without a $DISPLAY for X11
[15.763s] DEBUG:colcon.colcon_core.event_reactor:joined thread
[15.764s] INFO:colcon.colcon_core.shell:Creating prefix script '/workspace/install/local_setup.ps1'
[15.787s] INFO:colcon.colcon_core.shell:Creating prefix util module '/workspace/install/_local_setup_util_ps1.py'
[15.807s] INFO:colcon.colcon_core.shell:Creating prefix chain script '/workspace/install/setup.ps1'
[15.910s] INFO:colcon.colcon_core.shell:Creating prefix script '/workspace/install/local_setup.sh'
[15.923s] INFO:colcon.colcon_core.shell:Creating prefix util module '/workspace/install/_local_setup_util_sh.py'
[15.937s] INFO:colcon.colcon_core.shell:Creating prefix chain script '/workspace/install/setup.sh'
[16.016s] INFO:colcon.colcon_core.shell:Creating prefix script '/workspace/install/local_setup.bash'
[16.029s] INFO:colcon.colcon_core.shell:Creating prefix chain script '/workspace/install/setup.bash'
[16.106s] INFO:colcon.colcon_core.shell:Creating prefix script '/workspace/install/local_setup.zsh'
[16.119s] INFO:colcon.colcon_core.shell:Creating prefix chain script '/workspace/install/setup.zsh'
