running egg_info
writing ../../../build/task01/task01.egg-info/PKG-INFO
writing dependency_links to ../../../build/task01/task01.egg-info/dependency_links.txt
writing entry points to ../../../build/task01/task01.egg-info/entry_points.txt
writing requirements to ../../../build/task01/task01.egg-info/requires.txt
writing top-level names to ../../../build/task01/task01.egg-info/top_level.txt
reading manifest file '../../../build/task01/task01.egg-info/SOURCES.txt'
writing manifest file '../../../build/task01/task01.egg-info/SOURCES.txt'
running build
running build_py
copying task01/receiver.py -> /workspace/build/task01/build/lib/task01
running install
running install_lib
copying /workspace/build/task01/build/lib/task01/receiver.py -> /workspace/install/task01/lib/python3.10/site-packages/task01
byte-compiling /workspace/install/task01/lib/python3.10/site-packages/task01/receiver.py to receiver.cpython-310.pyc
running install_data
copying launch/task01.launch -> /workspace/install/task01/share/task01/launch
running install_egg_info
removing '/workspace/install/task01/lib/python3.10/site-packages/task01-0.0.0-py3.10.egg-info' (and everything under it)
Copying ../../../build/task01/task01.egg-info to /workspace/install/task01/lib/python3.10/site-packages/task01-0.0.0-py3.10.egg-info
running install_scripts
writing list of installed files to '/workspace/build/task01/install.log'
