[0.580s] DEBUG:colcon:Command line arguments: ['/usr/bin/colcon', 'build']
[0.582s] DEBUG:colcon:Parsed command line arguments: Namespace(log_base=None, log_level=None, verb_name='build', build_base='build', install_base='install', merge_install=False, symlink_install=False, test_result_base=None, continue_on_error=False, executor='parallel', parallel_workers=8, event_handlers=None, ignore_user_meta=False, metas=['./colcon.meta'], base_paths=['.'], packages_ignore=None, packages_ignore_regex=None, paths=None, packages_up_to=None, packages_up_to_regex=None, packages_above=None, packages_above_and_dependencies=None, packages_above_depth=None, packages_select_by_dep=None, packages_skip_by_dep=None, packages_skip_up_to=None, packages_select_build_failed=False, packages_skip_build_finished=False, packages_select_test_failures=False, packages_skip_test_passed=False, packages_select=None, packages_skip=None, packages_select_regex=None, packages_skip_regex=None, packages_start=None, packages_end=None, cmake_args=None, cmake_target=None, cmake_target_skip_unavailable=False, cmake_clean_cache=False, cmake_clean_first=False, cmake_force_configure=False, ament_cmake_args=None, catkin_cmake_args=None, catkin_skip_building_tests=False, mixin_files=None, mixin=None, verb_parser=<colcon_mixin.mixin.mixin_argument.MixinArgumentDecorator object at 0x7f7d9aade0e0>, verb_extension=<colcon_core.verb.build.BuildVerb object at 0x7f7d9aaddba0>, main=<bound method BuildVerb.main of <colcon_core.verb.build.BuildVerb object at 0x7f7d9aaddba0>>, mixin_verb=('build',))
[1.044s] Level 1:colcon.colcon_core.package_discovery:discover_packages(colcon_meta) check parameters
[1.047s] INFO:colcon.colcon_metadata.package_discovery.colcon_meta:Using configuration from '/root/.colcon/metadata/default/Gazebo.meta'
[1.049s] INFO:colcon.colcon_metadata.package_discovery.colcon_meta:Using configuration from '/root/.colcon/metadata/default/fastrtps.meta'
[1.051s] Level 1:colcon.colcon_core.package_discovery:discover_packages(recursive) check parameters
[1.051s] Level 1:colcon.colcon_core.package_discovery:discover_packages(ignore) check parameters
[1.052s] Level 1:colcon.colcon_core.package_discovery:discover_packages(path) check parameters
[1.053s] Level 1:colcon.colcon_core.package_discovery:discover_packages(colcon_meta) discover
[1.053s] Level 1:colcon.colcon_core.package_discovery:discover_packages(recursive) discover
[1.054s] INFO:colcon.colcon_core.package_discovery:Crawling recursively for packages in '/workspace'
[1.059s] Level 1:colcon.colcon_core.package_identification:_identify(.) by extensions ['ignore', 'ignore_ament_install']
[1.059s] Level 1:colcon.colcon_core.package_identification:_identify(.) by extension 'ignore'
[1.060s] Level 1:colcon.colcon_core.package_identification:_identify(.) by extension 'ignore_ament_install'
[1.062s] Level 1:colcon.colcon_core.package_identification:_identify(.) by extensions ['colcon_pkg']
[1.062s] Level 1:colcon.colcon_core.package_identification:_identify(.) by extension 'colcon_pkg'
[1.064s] Level 1:colcon.colcon_core.package_identification:_identify(.) by extensions ['colcon_meta']
[1.064s] Level 1:colcon.colcon_core.package_identification:_identify(.) by extension 'colcon_meta'
[1.065s] Level 1:colcon.colcon_core.package_identification:_identify(.) by extensions ['ros']
[1.065s] Level 1:colcon.colcon_core.package_identification:_identify(.) by extension 'ros'
[1.097s] Level 1:colcon.colcon_core.package_identification:_identify(.) by extensions ['cmake', 'python']
[1.098s] Level 1:colcon.colcon_core.package_identification:_identify(.) by extension 'cmake'
[1.099s] Level 1:colcon.colcon_core.package_identification:_identify(.) by extension 'python'
[1.101s] Level 1:colcon.colcon_core.package_identification:_identify(.) by extensions ['python_setup_py']
[1.101s] Level 1:colcon.colcon_core.package_identification:_identify(.) by extension 'python_setup_py'
[1.109s] Level 1:colcon.colcon_core.package_identification:_identify(Practice02) by extensions ['ignore', 'ignore_ament_install']
[1.110s] Level 1:colcon.colcon_core.package_identification:_identify(Practice02) by extension 'ignore'
[1.112s] Level 1:colcon.colcon_core.package_identification:_identify(Practice02) by extension 'ignore_ament_install'
[1.115s] Level 1:colcon.colcon_core.package_identification:_identify(Practice02) by extensions ['colcon_pkg']
[1.115s] Level 1:colcon.colcon_core.package_identification:_identify(Practice02) by extension 'colcon_pkg'
[1.116s] Level 1:colcon.colcon_core.package_identification:_identify(Practice02) by extensions ['colcon_meta']
[1.117s] Level 1:colcon.colcon_core.package_identification:_identify(Practice02) by extension 'colcon_meta'
[1.119s] Level 1:colcon.colcon_core.package_identification:_identify(Practice02) by extensions ['ros']
[1.119s] Level 1:colcon.colcon_core.package_identification:_identify(Practice02) by extension 'ros'
[1.124s] Level 1:colcon.colcon_core.package_identification:_identify(Practice02) by extensions ['cmake', 'python']
[1.125s] Level 1:colcon.colcon_core.package_identification:_identify(Practice02) by extension 'cmake'
[1.127s] Level 1:colcon.colcon_core.package_identification:_identify(Practice02) by extension 'python'
[1.130s] Level 1:colcon.colcon_core.package_identification:_identify(Practice02) by extensions ['python_setup_py']
[1.131s] Level 1:colcon.colcon_core.package_identification:_identify(Practice02) by extension 'python_setup_py'
[1.144s] Level 1:colcon.colcon_core.package_identification:_identify(Practice02/src) by extensions ['ignore', 'ignore_ament_install']
[1.145s] Level 1:colcon.colcon_core.package_identification:_identify(Practice02/src) by extension 'ignore'
[1.147s] Level 1:colcon.colcon_core.package_identification:_identify(Practice02/src) by extension 'ignore_ament_install'
[1.152s] Level 1:colcon.colcon_core.package_identification:_identify(Practice02/src) by extensions ['colcon_pkg']
[1.153s] Level 1:colcon.colcon_core.package_identification:_identify(Practice02/src) by extension 'colcon_pkg'
[1.155s] Level 1:colcon.colcon_core.package_identification:_identify(Practice02/src) by extensions ['colcon_meta']
[1.155s] Level 1:colcon.colcon_core.package_identification:_identify(Practice02/src) by extension 'colcon_meta'
[1.158s] Level 1:colcon.colcon_core.package_identification:_identify(Practice02/src) by extensions ['ros']
[1.158s] Level 1:colcon.colcon_core.package_identification:_identify(Practice02/src) by extension 'ros'
[1.163s] Level 1:colcon.colcon_core.package_identification:_identify(Practice02/src) by extensions ['cmake', 'python']
[1.164s] Level 1:colcon.colcon_core.package_identification:_identify(Practice02/src) by extension 'cmake'
[1.165s] Level 1:colcon.colcon_core.package_identification:_identify(Practice02/src) by extension 'python'
[1.167s] Level 1:colcon.colcon_core.package_identification:_identify(Practice02/src) by extensions ['python_setup_py']
[1.167s] Level 1:colcon.colcon_core.package_identification:_identify(Practice02/src) by extension 'python_setup_py'
[1.177s] Level 1:colcon.colcon_core.package_identification:_identify(Practice02/src/task01) by extensions ['ignore', 'ignore_ament_install']
[1.177s] Level 1:colcon.colcon_core.package_identification:_identify(Practice02/src/task01) by extension 'ignore'
[1.182s] Level 1:colcon.colcon_core.package_identification:_identify(Practice02/src/task01) by extension 'ignore_ament_install'
[1.191s] Level 1:colcon.colcon_core.package_identification:_identify(Practice02/src/task01) by extensions ['colcon_pkg']
[1.192s] Level 1:colcon.colcon_core.package_identification:_identify(Practice02/src/task01) by extension 'colcon_pkg'
[1.196s] Level 1:colcon.colcon_core.package_identification:_identify(Practice02/src/task01) by extensions ['colcon_meta']
[1.196s] Level 1:colcon.colcon_core.package_identification:_identify(Practice02/src/task01) by extension 'colcon_meta'
[1.200s] Level 1:colcon.colcon_core.package_identification:_identify(Practice02/src/task01) by extensions ['ros']
[1.201s] Level 1:colcon.colcon_core.package_identification:_identify(Practice02/src/task01) by extension 'ros'
[1.241s] DEBUG:colcon.colcon_core.package_identification:Package 'Practice02/src/task01' with type 'ros.ament_python' and name 'task01'
[1.262s] Level 1:colcon.colcon_core.package_identification:_identify(Practice02/src/task02) by extensions ['ignore', 'ignore_ament_install']
[1.263s] Level 1:colcon.colcon_core.package_identification:_identify(Practice02/src/task02) by extension 'ignore'
[1.268s] Level 1:colcon.colcon_core.package_identification:_identify(Practice02/src/task02) by extension 'ignore_ament_install'
[1.278s] Level 1:colcon.colcon_core.package_identification:_identify(Practice02/src/task02) by extensions ['colcon_pkg']
[1.279s] Level 1:colcon.colcon_core.package_identification:_identify(Practice02/src/task02) by extension 'colcon_pkg'
[1.286s] Level 1:colcon.colcon_core.package_identification:_identify(Practice02/src/task02) by extensions ['colcon_meta']
[1.287s] Level 1:colcon.colcon_core.package_identification:_identify(Practice02/src/task02) by extension 'colcon_meta'
[1.298s] Level 1:colcon.colcon_core.package_identification:_identify(Practice02/src/task02) by extensions ['ros']
[1.299s] Level 1:colcon.colcon_core.package_identification:_identify(Practice02/src/task02) by extension 'ros'
[1.318s] Level 1:colcon.colcon_core.package_identification:_identify(Practice02/src/task02) by extensions ['cmake', 'python']
[1.318s] Level 1:colcon.colcon_core.package_identification:_identify(Practice02/src/task02) by extension 'cmake'
[1.322s] Level 1:colcon.colcon_core.package_identification:_identify(Practice02/src/task02) by extension 'python'
[1.327s] Level 1:colcon.colcon_core.package_identification:_identify(Practice02/src/task02) by extensions ['python_setup_py']
[1.328s] Level 1:colcon.colcon_core.package_identification:_identify(Practice02/src/task02) by extension 'python_setup_py'
[1.349s] Level 1:colcon.colcon_core.package_identification:_identify(Practice02/src/task03) by extensions ['ignore', 'ignore_ament_install']
[1.350s] Level 1:colcon.colcon_core.package_identification:_identify(Practice02/src/task03) by extension 'ignore'
[1.353s] Level 1:colcon.colcon_core.package_identification:_identify(Practice02/src/task03) by extension 'ignore_ament_install'
[1.358s] Level 1:colcon.colcon_core.package_identification:_identify(Practice02/src/task03) by extensions ['colcon_pkg']
[1.358s] Level 1:colcon.colcon_core.package_identification:_identify(Practice02/src/task03) by extension 'colcon_pkg'
[1.360s] Level 1:colcon.colcon_core.package_identification:_identify(Practice02/src/task03) by extensions ['colcon_meta']
[1.360s] Level 1:colcon.colcon_core.package_identification:_identify(Practice02/src/task03) by extension 'colcon_meta'
[1.363s] Level 1:colcon.colcon_core.package_identification:_identify(Practice02/src/task03) by extensions ['ros']
[1.363s] Level 1:colcon.colcon_core.package_identification:_identify(Practice02/src/task03) by extension 'ros'
[1.371s] Level 1:colcon.colcon_core.package_identification:_identify(Practice02/src/task03) by extensions ['cmake', 'python']
[1.372s] Level 1:colcon.colcon_core.package_identification:_identify(Practice02/src/task03) by extension 'cmake'
[1.374s] Level 1:colcon.colcon_core.package_identification:_identify(Practice02/src/task03) by extension 'python'
[1.377s] Level 1:colcon.colcon_core.package_identification:_identify(Practice02/src/task03) by extensions ['python_setup_py']
[1.377s] Level 1:colcon.colcon_core.package_identification:_identify(Practice02/src/task03) by extension 'python_setup_py'
[1.388s] Level 1:colcon.colcon_core.package_identification:_identify(Practice02/src/task04) by extensions ['ignore', 'ignore_ament_install']
[1.389s] Level 1:colcon.colcon_core.package_identification:_identify(Practice02/src/task04) by extension 'ignore'
[1.391s] Level 1:colcon.colcon_core.package_identification:_identify(Practice02/src/task04) by extension 'ignore_ament_install'
[1.394s] Level 1:colcon.colcon_core.package_identification:_identify(Practice02/src/task04) by extensions ['colcon_pkg']
[1.395s] Level 1:colcon.colcon_core.package_identification:_identify(Practice02/src/task04) by extension 'colcon_pkg'
[1.397s] Level 1:colcon.colcon_core.package_identification:_identify(Practice02/src/task04) by extensions ['colcon_meta']
[1.397s] Level 1:colcon.colcon_core.package_identification:_identify(Practice02/src/task04) by extension 'colcon_meta'
[1.400s] Level 1:colcon.colcon_core.package_identification:_identify(Practice02/src/task04) by extensions ['ros']
[1.400s] Level 1:colcon.colcon_core.package_identification:_identify(Practice02/src/task04) by extension 'ros'
[1.408s] Level 1:colcon.colcon_core.package_identification:_identify(Practice02/src/task04) by extensions ['cmake', 'python']
[1.408s] Level 1:colcon.colcon_core.package_identification:_identify(Practice02/src/task04) by extension 'cmake'
[1.410s] Level 1:colcon.colcon_core.package_identification:_identify(Practice02/src/task04) by extension 'python'
[1.412s] Level 1:colcon.colcon_core.package_identification:_identify(Practice02/src/task04) by extensions ['python_setup_py']
[1.412s] Level 1:colcon.colcon_core.package_identification:_identify(Practice02/src/task04) by extension 'python_setup_py'
[1.416s] Level 1:colcon.colcon_core.package_identification:_identify(build) by extensions ['ignore', 'ignore_ament_install']
[1.417s] Level 1:colcon.colcon_core.package_identification:_identify(build) by extension 'ignore'
[1.418s] Level 1:colcon.colcon_core.package_identification:_identify(build) ignored
[1.421s] Level 1:colcon.colcon_core.package_identification:_identify(install) by extensions ['ignore', 'ignore_ament_install']
[1.421s] Level 1:colcon.colcon_core.package_identification:_identify(install) by extension 'ignore'
[1.423s] Level 1:colcon.colcon_core.package_identification:_identify(install) ignored
[1.430s] Level 1:colcon.colcon_core.package_identification:_identify(log) by extensions ['ignore', 'ignore_ament_install']
[1.431s] Level 1:colcon.colcon_core.package_identification:_identify(log) by extension 'ignore'
[1.433s] Level 1:colcon.colcon_core.package_identification:_identify(log) ignored
[1.433s] Level 1:colcon.colcon_core.package_discovery:discover_packages(recursive) using defaults
[1.434s] Level 1:colcon.colcon_core.package_discovery:discover_packages(ignore) discover
[1.434s] Level 1:colcon.colcon_core.package_discovery:discover_packages(ignore) using defaults
[1.435s] Level 1:colcon.colcon_core.package_discovery:discover_packages(path) discover
[1.435s] Level 1:colcon.colcon_core.package_discovery:discover_packages(path) using defaults
[1.529s] Level 5:colcon.colcon_core.verb:set package 'task01' build argument 'cmake_args' from command line to 'None'
[1.531s] Level 5:colcon.colcon_core.verb:set package 'task01' build argument 'cmake_target' from command line to 'None'
[1.531s] Level 5:colcon.colcon_core.verb:set package 'task01' build argument 'cmake_target_skip_unavailable' from command line to 'False'
[1.532s] Level 5:colcon.colcon_core.verb:set package 'task01' build argument 'cmake_clean_cache' from command line to 'False'
[1.534s] Level 5:colcon.colcon_core.verb:set package 'task01' build argument 'cmake_clean_first' from command line to 'False'
[1.535s] Level 5:colcon.colcon_core.verb:set package 'task01' build argument 'cmake_force_configure' from command line to 'False'
[1.536s] Level 5:colcon.colcon_core.verb:set package 'task01' build argument 'ament_cmake_args' from command line to 'None'
[1.537s] Level 5:colcon.colcon_core.verb:set package 'task01' build argument 'catkin_cmake_args' from command line to 'None'
[1.538s] Level 5:colcon.colcon_core.verb:set package 'task01' build argument 'catkin_skip_building_tests' from command line to 'False'
[1.539s] DEBUG:colcon.colcon_core.verb:Building package 'task01' with the following arguments: {'ament_cmake_args': None, 'build_base': '/workspace/build/task01', 'catkin_cmake_args': None, 'catkin_skip_building_tests': False, 'cmake_args': None, 'cmake_clean_cache': False, 'cmake_clean_first': False, 'cmake_force_configure': False, 'cmake_target': None, 'cmake_target_skip_unavailable': False, 'install_base': '/workspace/install/task01', 'merge_install': False, 'path': '/workspace/Practice02/src/task01', 'symlink_install': False, 'test_result_base': None}
[1.541s] INFO:colcon.colcon_core.executor:Executing jobs using 'parallel' executor
[1.544s] DEBUG:colcon.colcon_parallel_executor.executor.parallel:run_until_complete
[1.545s] INFO:colcon.colcon_ros.task.ament_python.build:Building ROS package in '/workspace/Practice02/src/task01' with build type 'ament_python'
[1.545s] Level 1:colcon.colcon_core.shell:create_environment_hook('task01', 'ament_prefix_path')
[1.556s] INFO:colcon.colcon_core.plugin_system:Skipping extension 'colcon_core.shell.bat': Not used on non-Windows systems
[1.557s] INFO:colcon.colcon_core.shell:Creating environment hook '/workspace/install/task01/share/task01/hook/ament_prefix_path.ps1'
[1.609s] INFO:colcon.colcon_core.shell:Creating environment descriptor '/workspace/install/task01/share/task01/hook/ament_prefix_path.dsv'
[1.628s] INFO:colcon.colcon_core.shell:Creating environment hook '/workspace/install/task01/share/task01/hook/ament_prefix_path.sh'
[1.652s] INFO:colcon.colcon_core.shell:Skip shell extension 'powershell' for command environment: Not usable outside of PowerShell
[1.652s] DEBUG:colcon.colcon_core.shell:Skip shell extension 'dsv' for command environment
[2.186s] INFO:colcon.colcon_core.task.python.build:Building Python package in '/workspace/Practice02/src/task01'
[2.188s] INFO:colcon.colcon_core.shell:Skip shell extension 'powershell' for command environment: Not usable outside of PowerShell
[2.189s] DEBUG:colcon.colcon_core.shell:Skip shell extension 'dsv' for command environment
[4.194s] DEBUG:colcon.colcon_core.event_handler.log_command:Invoking command in '/workspace/Practice02/src/task01': PYTHONPATH=/workspace/build/task01/prefix_override:/usr/lib/python3/dist-packages/colcon_core/task/python/colcon_distutils_commands:/workspace/install/task01/lib/python3.10/site-packages:${PYTHONPATH} /usr/bin/python3 -W ignore:setup.py install is deprecated setup.py egg_info --egg-base ../../../build/task01 build --build-base /workspace/build/task01/build install --record /workspace/build/task01/install.log --single-version-externally-managed install_data
[6.099s] DEBUG:colcon.colcon_core.event_handler.log_command:Invoked command in '/workspace/Practice02/src/task01' returned '0': PYTHONPATH=/workspace/build/task01/prefix_override:/usr/lib/python3/dist-packages/colcon_core/task/python/colcon_distutils_commands:/workspace/install/task01/lib/python3.10/site-packages:${PYTHONPATH} /usr/bin/python3 -W ignore:setup.py install is deprecated setup.py egg_info --egg-base ../../../build/task01 build --build-base /workspace/build/task01/build install --record /workspace/build/task01/install.log --single-version-externally-managed install_data
[6.109s] Level 1:colcon.colcon_core.environment:checking '/workspace/install/task01' for CMake module files
[6.213s] Level 1:colcon.colcon_core.environment:checking '/workspace/install/task01' for CMake config files
[6.308s] Level 1:colcon.colcon_core.environment:checking '/workspace/install/task01/lib'
[6.312s] Level 1:colcon.colcon_core.environment:checking '/workspace/install/task01/bin'
[6.313s] Level 1:colcon.colcon_core.environment:checking '/workspace/install/task01/lib/pkgconfig/task01.pc'
[6.314s] Level 1:colcon.colcon_core.environment:checking '/workspace/install/task01/lib/python3.10/site-packages'
[6.317s] Level 1:colcon.colcon_core.shell:create_environment_hook('task01', 'pythonpath')
[6.317s] INFO:colcon.colcon_core.shell:Creating environment hook '/workspace/install/task01/share/task01/hook/pythonpath.ps1'
[6.330s] INFO:colcon.colcon_core.shell:Creating environment descriptor '/workspace/install/task01/share/task01/hook/pythonpath.dsv'
[6.344s] INFO:colcon.colcon_core.shell:Creating environment hook '/workspace/install/task01/share/task01/hook/pythonpath.sh'
[6.359s] Level 1:colcon.colcon_core.environment:checking '/workspace/install/task01/bin'
[6.361s] Level 1:colcon.colcon_core.environment:create_environment_scripts_only(task01)
[6.362s] INFO:colcon.colcon_core.shell:Creating package script '/workspace/install/task01/share/task01/package.ps1'
[6.380s] INFO:colcon.colcon_core.shell:Creating package descriptor '/workspace/install/task01/share/task01/package.dsv'
[6.396s] INFO:colcon.colcon_core.shell:Creating package script '/workspace/install/task01/share/task01/package.sh'
[6.412s] INFO:colcon.colcon_core.shell:Creating package script '/workspace/install/task01/share/task01/package.bash'
[6.426s] INFO:colcon.colcon_core.shell:Creating package script '/workspace/install/task01/share/task01/package.zsh'
[6.442s] Level 1:colcon.colcon_core.environment:create_file_with_runtime_dependencies(/workspace/install/task01/share/colcon-core/packages/task01)
[6.450s] DEBUG:colcon.colcon_parallel_executor.executor.parallel:closing loop
[6.451s] DEBUG:colcon.colcon_parallel_executor.executor.parallel:loop closed
[6.451s] DEBUG:colcon.colcon_parallel_executor.executor.parallel:run_until_complete finished with '0'
[6.451s] DEBUG:colcon.colcon_core.event_reactor:joining thread
[6.501s] INFO:colcon.colcon_core.plugin_system:Skipping extension 'colcon_notification.desktop_notification.notify_send': Could not find 'notify-send'
[6.502s] INFO:colcon.colcon_core.plugin_system:Skipping extension 'colcon_notification.desktop_notification.terminal_notifier': Not used on non-Darwin systems
[6.502s] INFO:colcon.colcon_core.plugin_system:Skipping extension 'colcon_notification.desktop_notification.win32': Not used on non-Windows systems
[6.503s] INFO:colcon.colcon_notification.desktop_notification:Sending desktop notification using 'notify2'
[6.504s] DEBUG:colcon.colcon_notification.desktop_notification.notify2:Failed to initialize notify2: org.freedesktop.DBus.Error.NotSupported: Unable to autolaunch a dbus-daemon without a $DISPLAY for X11
[6.505s] DEBUG:colcon.colcon_core.event_reactor:joined thread
[6.505s] INFO:colcon.colcon_core.shell:Creating prefix script '/workspace/install/local_setup.ps1'
[6.516s] INFO:colcon.colcon_core.shell:Creating prefix util module '/workspace/install/_local_setup_util_ps1.py'
[6.530s] INFO:colcon.colcon_core.shell:Creating prefix chain script '/workspace/install/setup.ps1'
[6.540s] INFO:colcon.colcon_core.shell:Creating prefix script '/workspace/install/local_setup.sh'
[6.549s] INFO:colcon.colcon_core.shell:Creating prefix util module '/workspace/install/_local_setup_util_sh.py'
[6.559s] INFO:colcon.colcon_core.shell:Creating prefix chain script '/workspace/install/setup.sh'
[6.572s] INFO:colcon.colcon_core.shell:Creating prefix script '/workspace/install/local_setup.bash'
[6.584s] INFO:colcon.colcon_core.shell:Creating prefix chain script '/workspace/install/setup.bash'
[6.592s] INFO:colcon.colcon_core.shell:Creating prefix script '/workspace/install/local_setup.zsh'
[6.602s] INFO:colcon.colcon_core.shell:Creating prefix chain script '/workspace/install/setup.zsh'
