[4.990s] Invoking command in '/workspace/Practice02/src/task01': PYTHONPATH=/workspace/Practice02/src/task01/build/task01/prefix_override:/usr/lib/python3/dist-packages/colcon_core/task/python/colcon_distutils_commands:/workspace/Practice02/src/task01/install/task01/lib/python3.10/site-packages:${PYTHONPATH} /usr/bin/python3 -W ignore:setup.py install is deprecated setup.py egg_info --egg-base build/task01 build --build-base /workspace/Practice02/src/task01/build/task01/build install --record /workspace/Practice02/src/task01/build/task01/install.log --single-version-externally-managed install_data
[7.467s] running egg_info
[7.476s] creating build/task01/task01.egg-info
[7.484s] writing build/task01/task01.egg-info/PKG-INFO
[7.509s] writing dependency_links to build/task01/task01.egg-info/dependency_links.txt
[7.524s] writing entry points to build/task01/task01.egg-info/entry_points.txt
[7.534s] writing requirements to build/task01/task01.egg-info/requires.txt
[7.541s] writing top-level names to build/task01/task01.egg-info/top_level.txt
[7.560s] writing manifest file 'build/task01/task01.egg-info/SOURCES.txt'
[7.629s] reading manifest file 'build/task01/task01.egg-info/SOURCES.txt'
[7.767s] writing manifest file 'build/task01/task01.egg-info/SOURCES.txt'
[7.776s] running build
[7.777s] running build_py
[7.785s] creating /workspace/Practice02/src/task01/build/task01/build
[7.790s] creating /workspace/Practice02/src/task01/build/task01/build/lib
[7.795s] creating /workspace/Practice02/src/task01/build/task01/build/lib/task01
[7.829s] copying task01/receiver.py -> /workspace/Practice02/src/task01/build/task01/build/lib/task01
[7.906s] copying task01/__init__.py -> /workspace/Practice02/src/task01/build/task01/build/lib/task01
[7.941s] running install
[7.943s] running install_lib
[7.986s] creating /workspace/Practice02/src/task01/install/task01/lib/python3.10/site-packages/task01
[8.021s] copying /workspace/Practice02/src/task01/build/task01/build/lib/task01/receiver.py -> /workspace/Practice02/src/task01/install/task01/lib/python3.10/site-packages/task01
[8.127s] copying /workspace/Practice02/src/task01/build/task01/build/lib/task01/__init__.py -> /workspace/Practice02/src/task01/install/task01/lib/python3.10/site-packages/task01
[8.254s] byte-compiling /workspace/Practice02/src/task01/install/task01/lib/python3.10/site-packages/task01/receiver.py to receiver.cpython-310.pyc
[8.364s] byte-compiling /workspace/Practice02/src/task01/install/task01/lib/python3.10/site-packages/task01/__init__.py to __init__.cpython-310.pyc
[8.448s] running install_data
[8.465s] creating /workspace/Practice02/src/task01/install/task01/share/ament_index
[8.470s] creating /workspace/Practice02/src/task01/install/task01/share/ament_index/resource_index
[8.475s] creating /workspace/Practice02/src/task01/install/task01/share/ament_index/resource_index/packages
[8.511s] copying resource/task01 -> /workspace/Practice02/src/task01/install/task01/share/ament_index/resource_index/packages
[8.597s] copying package.xml -> /workspace/Practice02/src/task01/install/task01/share/task01
[8.671s] creating /workspace/Practice02/src/task01/install/task01/share/task01/launch
[8.710s] copying launch/task01.launch -> /workspace/Practice02/src/task01/install/task01/share/task01/launch
[8.765s] running install_egg_info
[8.830s] Copying build/task01/task01.egg-info to /workspace/Practice02/src/task01/install/task01/lib/python3.10/site-packages/task01-0.0.0-py3.10.egg-info
[9.466s] running install_scripts
[9.672s] writing list of installed files to '/workspace/Practice02/src/task01/build/task01/install.log'
[9.736s] Invoked command in '/workspace/Practice02/src/task01' returned '0': PYTHONPATH=/workspace/Practice02/src/task01/build/task01/prefix_override:/usr/lib/python3/dist-packages/colcon_core/task/python/colcon_distutils_commands:/workspace/Practice02/src/task01/install/task01/lib/python3.10/site-packages:${PYTHONPATH} /usr/bin/python3 -W ignore:setup.py install is deprecated setup.py egg_info --egg-base build/task01 build --build-base /workspace/Practice02/src/task01/build/task01/build install --record /workspace/Practice02/src/task01/build/task01/install.log --single-version-externally-managed install_data
